TN:
SF:/Users/youyiwei/Documents/Web/hw/hw4/src/polyfills.ts
FNF:0
FNH:0
LF:0
LH:0
BRF:0
BRH:0
end_of_record
TN:
SF:/Users/youyiwei/Documents/Web/hw/hw4/src/test.ts
FNF:0
FNH:0
DA:13,1
DA:18,1
DA:20,1
LF:3
LH:3
BRF:0
BRH:0
end_of_record
TN:
SF:/Users/youyiwei/Documents/Web/hw/hw4/src/app/app.component.ts
FN:8,(anonymous_1)
FN:3,AppComponent
FNF:2
FNH:2
FNDA:1,(anonymous_1)
FNDA:2,AppComponent
DA:8,1
DA:9,2
DA:10,1
LF:3
LH:3
BRF:0
BRH:0
end_of_record
TN:
SF:/Users/youyiwei/Documents/Web/hw/hw4/src/app/auth/auth.component.ts
FN:8,(anonymous_2)
FN:10,AuthComponent
FN:12,(anonymous_4)
FNF:3
FNH:3
FNDA:1,(anonymous_2)
FNDA:1,AuthComponent
FNDA:1,(anonymous_4)
DA:8,1
DA:12,1
DA:15,1
LF:3
LH:3
BRF:0
BRH:0
end_of_record
TN:
SF:/Users/youyiwei/Documents/Web/hw/hw4/src/app/auth/login/login.component.ts
FN:11,(anonymous_2)
FN:24,LoginComponent
FN:34,(anonymous_4)
FN:38,(anonymous_5)
FN:39,(anonymous_6)
FN:43,(anonymous_7)
FN:77,(anonymous_8)
FN:79,(anonymous_9)
FN:83,(anonymous_10)
FN:92,(anonymous_11)
FNF:10
FNH:6
FNDA:1,(anonymous_2)
FNDA:4,LoginComponent
FNDA:4,(anonymous_4)
FNDA:4,(anonymous_5)
FNDA:0,(anonymous_6)
FNDA:0,(anonymous_7)
FNDA:1,(anonymous_8)
FNDA:0,(anonymous_9)
FNDA:0,(anonymous_10)
FNDA:2,(anonymous_11)
DA:11,1
DA:25,4
DA:26,4
DA:28,4
DA:29,4
DA:31,4
DA:34,1
DA:35,4
DA:38,4
DA:39,4
DA:43,1
DA:44,0
DA:45,0
DA:48,0
DA:51,0
DA:52,0
DA:55,0
DA:58,0
DA:59,0
DA:61,0
DA:62,0
DA:63,0
DA:66,0
DA:70,0
DA:77,1
DA:78,1
DA:79,0
DA:82,1
DA:83,0
DA:86,1
DA:87,0
DA:88,1
DA:92,1
DA:93,2
DA:94,2
DA:95,1
DA:97,1
DA:99,1
LF:38
LH:22
BRDA:44,0,0,0
BRDA:44,0,1,0
BRDA:51,1,0,0
BRDA:51,1,1,0
BRDA:58,2,0,0
BRDA:58,2,1,0
BRDA:58,3,0,0
BRDA:58,3,1,0
BRDA:61,4,0,0
BRDA:61,4,1,0
BRDA:62,5,0,0
BRDA:62,5,1,0
BRDA:86,6,0,0
BRDA:86,6,1,1
BRDA:93,7,0,1
BRDA:93,7,1,1
BRDA:94,8,0,1
BRDA:94,8,1,1
BRF:18
BRH:5
end_of_record
TN:
SF:/Users/youyiwei/Documents/Web/hw/hw4/src/app/auth/registeration/registeration.component.ts
FN:11,(anonymous_2)
FN:13,RegisterationComponent
FN:17,(anonymous_4)
FN:21,(anonymous_5)
FNF:4
FNH:3
FNDA:1,(anonymous_2)
FNDA:2,RegisterationComponent
FNDA:2,(anonymous_4)
FNDA:0,(anonymous_5)
DA:11,1
DA:14,2
DA:17,1
DA:21,1
DA:23,0
DA:24,0
DA:26,0
DA:29,0
DA:30,0
DA:31,0
DA:32,0
DA:33,0
DA:34,0
DA:35,0
DA:36,0
DA:39,0
DA:42,0
DA:43,0
DA:44,0
DA:45,0
DA:46,0
DA:48,0
DA:49,0
DA:50,0
DA:51,0
DA:52,0
DA:54,0
DA:55,0
DA:56,0
DA:59,0
DA:62,0
DA:63,0
DA:69,1
LF:33
LH:5
BRDA:34,0,0,0
BRDA:34,0,1,0
BRDA:34,1,0,0
BRDA:34,1,1,0
BRDA:34,1,2,0
BRDA:54,2,0,0
BRDA:54,2,1,0
BRDA:62,3,0,0
BRDA:62,3,1,0
BRDA:62,4,0,0
BRDA:62,4,1,0
BRF:11
BRH:0
end_of_record
TN:
SF:/Users/youyiwei/Documents/Web/hw/hw4/src/app/auth/registeration/registeration.service.ts
FN:6,(anonymous_2)
FN:8,RegisterationService
FNF:2
FNH:2
FNDA:1,(anonymous_2)
FNDA:1,RegisterationService
DA:6,1
DA:9,1
LF:2
LH:2
BRF:0
BRH:0
end_of_record
TN:
SF:/Users/youyiwei/Documents/Web/hw/hw4/src/app/main/main.component.ts
FN:20,(anonymous_2)
FN:34,MainComponent
FN:40,(anonymous_4)
FN:48,(anonymous_5)
FN:57,(anonymous_6)
FN:59,(anonymous_7)
FN:60,(anonymous_8)
FN:63,(anonymous_9)
FN:73,(anonymous_10)
FN:75,(anonymous_11)
FN:77,(anonymous_12)
FN:82,(anonymous_13)
FN:84,(anonymous_14)
FN:90,(anonymous_15)
FN:94,(anonymous_16)
FN:112,(anonymous_17)
FN:128,(anonymous_18)
FN:130,(anonymous_19)
FN:131,(anonymous_20)
FN:134,(anonymous_21)
FN:144,(anonymous_22)
FN:151,(anonymous_23)
FN:153,(anonymous_24)
FN:161,(anonymous_25)
FN:163,(anonymous_26)
FN:164,(anonymous_27)
FN:167,(anonymous_28)
FN:177,(anonymous_29)
FN:183,(anonymous_30)
FN:186,(anonymous_31)
FN:193,(anonymous_32)
FN:195,(anonymous_33)
FN:196,(anonymous_34)
FN:199,(anonymous_35)
FN:209,(anonymous_36)
FN:216,(anonymous_37)
FN:221,(anonymous_38)
FNF:37
FNH:19
FNDA:1,(anonymous_2)
FNDA:6,MainComponent
FNDA:6,(anonymous_4)
FNDA:6,(anonymous_5)
FNDA:1,(anonymous_6)
FNDA:1,(anonymous_7)
FNDA:1,(anonymous_8)
FNDA:9,(anonymous_9)
FNDA:6,(anonymous_10)
FNDA:0,(anonymous_11)
FNDA:0,(anonymous_12)
FNDA:0,(anonymous_13)
FNDA:0,(anonymous_14)
FNDA:0,(anonymous_15)
FNDA:0,(anonymous_16)
FNDA:0,(anonymous_17)
FNDA:0,(anonymous_18)
FNDA:0,(anonymous_19)
FNDA:0,(anonymous_20)
FNDA:0,(anonymous_21)
FNDA:0,(anonymous_22)
FNDA:0,(anonymous_23)
FNDA:0,(anonymous_24)
FNDA:1,(anonymous_25)
FNDA:1,(anonymous_26)
FNDA:1,(anonymous_27)
FNDA:9,(anonymous_28)
FNDA:0,(anonymous_29)
FNDA:0,(anonymous_30)
FNDA:0,(anonymous_31)
FNDA:1,(anonymous_32)
FNDA:1,(anonymous_33)
FNDA:1,(anonymous_34)
FNDA:9,(anonymous_35)
FNDA:1,(anonymous_36)
FNDA:0,(anonymous_37)
FNDA:1,(anonymous_38)
DA:20,1
DA:35,6
DA:36,6
DA:37,6
DA:40,1
DA:41,6
DA:42,6
DA:43,6
DA:44,6
DA:45,6
DA:48,1
DA:49,6
DA:50,6
DA:53,0
DA:57,1
DA:58,1
DA:59,1
DA:61,1
DA:62,1
DA:63,1
DA:64,9
DA:65,0
DA:66,0
DA:69,1
DA:73,6
DA:74,6
DA:75,6
DA:76,0
DA:77,0
DA:82,6
DA:83,0
DA:84,0
DA:90,1
DA:91,0
DA:94,1
DA:95,0
DA:96,0
DA:98,0
DA:104,0
DA:112,1
DA:113,0
DA:114,0
DA:116,0
DA:117,0
DA:120,0
DA:123,0
DA:128,1
DA:129,0
DA:130,0
DA:132,0
DA:133,0
DA:134,0
DA:135,0
DA:136,0
DA:137,0
DA:140,0
DA:144,1
DA:145,0
DA:151,0
DA:152,0
DA:153,0
DA:155,0
DA:156,0
DA:161,1
DA:162,1
DA:163,1
DA:165,1
DA:166,1
DA:167,1
DA:168,9
DA:169,6
DA:170,6
DA:173,1
DA:177,1
DA:180,0
DA:182,0
DA:183,0
DA:185,0
DA:186,0
DA:190,0
DA:193,1
DA:194,1
DA:195,1
DA:197,1
DA:198,1
DA:199,1
DA:200,9
DA:201,9
DA:202,9
DA:205,1
DA:209,1
DA:210,1
DA:211,1
DA:212,0
DA:215,1
DA:216,0
DA:221,1
DA:222,1
DA:223,1
DA:227,0
DA:230,1
DA:233,1
LF:102
LH:60
BRDA:49,0,0,6
BRDA:49,0,1,0
BRDA:64,1,0,0
BRDA:64,1,1,9
BRDA:113,2,0,0
BRDA:113,2,1,0
BRDA:116,3,0,0
BRDA:116,3,1,0
BRDA:135,4,0,0
BRDA:135,4,1,0
BRDA:168,5,0,6
BRDA:168,5,1,3
BRDA:200,6,0,9
BRDA:200,6,1,0
BRDA:211,7,0,0
BRDA:211,7,1,1
BRDA:222,8,0,1
BRDA:222,8,1,0
BRF:18
BRH:7
end_of_record
TN:
SF:/Users/youyiwei/Documents/Web/hw/hw4/src/app/main/main.service.ts
FN:7,(anonymous_2)
FN:19,MainService
FN:23,(anonymous_4)
FN:24,(anonymous_5)
FN:27,(anonymous_6)
FN:36,(anonymous_7)
FN:44,(anonymous_8)
FN:46,(anonymous_9)
FNF:8
FNH:5
FNDA:1,(anonymous_2)
FNDA:7,MainService
FNDA:6,(anonymous_4)
FNDA:0,(anonymous_5)
FNDA:6,(anonymous_6)
FNDA:6,(anonymous_7)
FNDA:0,(anonymous_8)
FNDA:0,(anonymous_9)
DA:7,1
DA:20,7
DA:23,6
DA:24,6
DA:27,1
DA:28,6
DA:29,6
DA:32,0
DA:36,6
DA:43,6
DA:44,6
DA:45,0
DA:46,0
DA:48,0
DA:49,0
DA:50,0
DA:54,6
DA:55,6
DA:58,0
DA:60,6
DA:61,6
DA:64,1
LF:22
LH:15
BRDA:28,0,0,6
BRDA:28,0,1,0
BRDA:54,1,0,6
BRDA:54,1,1,0
BRDA:60,2,0,6
BRDA:60,2,1,0
BRF:6
BRH:3
end_of_record
TN:
SF:/Users/youyiwei/Documents/Web/hw/hw4/src/app/main/following/following.component.ts
FN:14,(anonymous_2)
FN:20,FollowingComponent
FN:22,(anonymous_4)
FNF:3
FNH:3
FNDA:1,(anonymous_2)
FNDA:1,FollowingComponent
FNDA:1,(anonymous_4)
DA:14,1
DA:16,1
DA:17,1
DA:18,1
DA:22,1
DA:25,1
LF:6
LH:6
BRF:0
BRH:0
end_of_record
TN:
SF:/Users/youyiwei/Documents/Web/hw/hw4/src/app/main/following/following.service.ts
FN:6,(anonymous_2)
FN:8,FollowingService
FNF:2
FNH:2
FNDA:1,(anonymous_2)
FNDA:1,FollowingService
DA:6,1
DA:9,1
LF:2
LH:2
BRF:0
BRH:0
end_of_record
TN:
SF:/Users/youyiwei/Documents/Web/hw/hw4/src/app/main/headline/headline.component.ts
FN:8,(anonymous_2)
FN:12,HeadlineComponent
FN:14,(anonymous_4)
FNF:3
FNH:3
FNDA:1,(anonymous_2)
FNDA:2,HeadlineComponent
FNDA:2,(anonymous_4)
DA:8,1
DA:10,1
DA:14,1
DA:17,1
LF:4
LH:4
BRF:0
BRH:0
end_of_record
TN:
SF:/Users/youyiwei/Documents/Web/hw/hw4/src/app/main/headline/headline.service.ts
FN:6,(anonymous_2)
FN:8,HeadlineService
FNF:2
FNH:2
FNDA:1,(anonymous_2)
FNDA:1,HeadlineService
DA:6,1
DA:9,1
LF:2
LH:2
BRF:0
BRH:0
end_of_record
TN:
SF:/Users/youyiwei/Documents/Web/hw/hw4/src/app/main/posts/posts.component.ts
FN:8,(anonymous_2)
FN:18,PostsComponent
FN:20,(anonymous_4)
FN:25,(anonymous_5)
FNF:4
FNH:3
FNDA:1,(anonymous_2)
FNDA:1,PostsComponent
FNDA:1,(anonymous_4)
FNDA:0,(anonymous_5)
DA:8,1
DA:10,1
DA:11,1
DA:12,1
DA:13,1
DA:14,1
DA:20,1
DA:21,1
DA:22,1
DA:25,1
DA:26,0
DA:27,0
DA:28,0
DA:30,0
DA:31,0
DA:35,1
LF:16
LH:11
BRDA:26,0,0,0
BRDA:26,0,1,0
BRF:2
BRH:0
end_of_record
TN:
SF:/Users/youyiwei/Documents/Web/hw/hw4/src/app/main/posts/posts.service.ts
FN:6,(anonymous_2)
FN:8,PostsService
FNF:2
FNH:2
FNDA:1,(anonymous_2)
FNDA:1,PostsService
DA:6,1
DA:9,1
LF:2
LH:2
BRF:0
BRH:0
end_of_record
TN:
SF:/Users/youyiwei/Documents/Web/hw/hw4/src/app/profile/profile.component.ts
FN:10,(anonymous_2)
FN:12,ProfileComponent
FN:14,(anonymous_4)
FN:34,(anonymous_5)
FNF:4
FNH:3
FNDA:1,(anonymous_2)
FNDA:1,ProfileComponent
FNDA:1,(anonymous_4)
FNDA:0,(anonymous_5)
DA:10,1
DA:12,1
DA:14,1
DA:15,1
DA:16,1
DA:18,1
DA:19,1
DA:21,1
DA:22,1
DA:24,1
DA:25,1
DA:28,1
DA:34,1
DA:36,0
DA:39,0
DA:40,0
DA:41,0
DA:42,0
DA:43,0
DA:44,0
DA:47,0
DA:50,0
DA:51,0
DA:52,0
DA:53,0
DA:54,0
DA:55,0
DA:58,0
DA:61,0
DA:62,0
DA:63,0
DA:64,0
DA:65,0
DA:66,0
DA:69,0
DA:72,0
DA:73,0
DA:74,0
DA:75,0
DA:76,0
DA:77,0
DA:80,0
DA:83,0
DA:84,0
DA:85,0
DA:86,0
DA:87,0
DA:88,0
DA:90,0
DA:91,0
DA:92,0
DA:93,0
DA:95,0
DA:96,0
DA:97,0
DA:98,0
DA:100,0
DA:101,0
DA:102,0
DA:103,0
DA:105,0
DA:106,0
DA:107,0
DA:108,0
DA:110,0
DA:111,0
DA:112,0
DA:116,0
DA:117,0
DA:118,0
DA:119,0
DA:121,0
DA:124,1
LF:73
LH:14
BRDA:42,0,0,0
BRDA:42,0,1,0
BRDA:42,1,0,0
BRDA:42,1,1,0
BRDA:53,2,0,0
BRDA:53,2,1,0
BRDA:53,3,0,0
BRDA:53,3,1,0
BRDA:64,4,0,0
BRDA:64,4,1,0
BRDA:64,5,0,0
BRDA:64,5,1,0
BRDA:75,6,0,0
BRDA:75,6,1,0
BRDA:84,7,0,0
BRDA:84,7,1,0
BRDA:84,8,0,0
BRDA:84,8,1,0
BRDA:84,8,2,0
BRDA:84,8,3,0
BRDA:85,9,0,0
BRDA:85,9,1,0
BRDA:85,10,0,0
BRDA:85,10,1,0
BRDA:90,11,0,0
BRDA:90,11,1,0
BRDA:90,12,0,0
BRDA:90,12,1,0
BRDA:95,13,0,0
BRDA:95,13,1,0
BRDA:95,14,0,0
BRDA:95,14,1,0
BRDA:100,15,0,0
BRDA:100,15,1,0
BRDA:100,16,0,0
BRDA:100,16,1,0
BRDA:105,17,0,0
BRDA:105,17,1,0
BRDA:105,18,0,0
BRDA:105,18,1,0
BRDA:110,19,0,0
BRDA:110,19,1,0
BRDA:110,20,0,0
BRDA:110,20,1,0
BRDA:117,21,0,0
BRDA:117,21,1,0
BRF:46
BRH:0
end_of_record
TN:
SF:/Users/youyiwei/Documents/Web/hw/hw4/src/app/profile/profile.service.ts
FN:8,(anonymous_2)
FN:24,ProfileService
FN:28,(anonymous_4)
FN:37,(anonymous_5)
FN:39,(anonymous_6)
FN:40,(anonymous_7)
FN:43,(anonymous_8)
FN:59,(anonymous_9)
FN:61,(anonymous_10)
FN:63,(anonymous_11)
FNF:10
FNH:5
FNDA:1,(anonymous_2)
FNDA:3,ProfileService
FNDA:1,(anonymous_4)
FNDA:1,(anonymous_5)
FNDA:0,(anonymous_6)
FNDA:0,(anonymous_7)
FNDA:0,(anonymous_8)
FNDA:1,(anonymous_9)
FNDA:0,(anonymous_10)
FNDA:0,(anonymous_11)
DA:8,1
DA:25,3
DA:28,1
DA:29,1
DA:30,1
DA:33,0
DA:37,1
DA:38,1
DA:39,0
DA:41,0
DA:43,0
DA:44,0
DA:45,0
DA:46,0
DA:47,0
DA:48,0
DA:49,0
DA:50,0
DA:51,0
DA:55,0
DA:59,1
DA:60,1
DA:61,1
DA:62,0
DA:63,0
DA:65,0
DA:66,0
DA:67,0
DA:68,0
DA:69,0
DA:70,0
DA:71,0
DA:75,1
LF:33
LH:11
BRDA:29,0,0,1
BRDA:29,0,1,0
BRDA:44,1,0,0
BRDA:44,1,1,0
BRF:4
BRH:1
end_of_record
