<?xml version="1.0" encoding="UTF-8" ?>
<testsuites disabled="0" errors="0" failures="0" tests="8" time="12.078">
 <testsuite name="workspace-project App" timestamp="2018-11-11T20:01:56" hostname="localhost" time="12.078" errors="0" tests="8" skipped="0" disabled="0" failures="0">
  <testcase classname="workspace-project App" name="Register a new user named &quot;realUser&quot;" time="2.662" />
  <testcase classname="workspace-project App" name="Log in as &quot;realUser&quot;" time="1.309" />
  <testcase classname="workspace-project App" name="Create a new article and validate the article appears in the feed" time="1.374" />
  <testcase classname="workspace-project App" name="Update the status headline and verify the change" time="1.554" />
  <testcase classname="workspace-project App" name="Log out &quot;realUser&quot;" time="1.426" />
  <testcase classname="workspace-project App" name="Log in as test user" time="1.158" />
  <testcase classname="workspace-project App" name="Search for a keyword that matches only one of test user&apos;s articles (verify only one article shows and verify the author)" time="1.305" />
  <testcase classname="workspace-project App" name="Log out test user" time="1.288" />
 </testsuite>
</testsuites>