<?xml version="1.0" encoding="UTF-8" ?>
<testsuites disabled="0" errors="0" failures="0" tests="8" time="9.722">
 <testsuite name="workspace-project App" timestamp="2018-11-11T15:39:17" hostname="localhost" time="9.722" errors="0" tests="8" skipped="0" disabled="0" failures="0">
  <testcase classname="workspace-project App" name="Register a new user named &quot;realUser&quot;" time="1.537" />
  <testcase classname="workspace-project App" name="Log in as &quot;realUser&quot;" time="1.284" />
  <testcase classname="workspace-project App" name="Create a new article and validate the article appears in the feed" time="1.222" />
  <testcase classname="workspace-project App" name="Update the status headline and verify the change" time="1.269" />
  <testcase classname="workspace-project App" name="Log out &quot;realUser&quot;" time="1.2" />
  <testcase classname="workspace-project App" name="Log in as test user" time="1.071" />
  <testcase classname="workspace-project App" name="Search for a keyword that matches only one of test user&apos;s articles (verify only one article shows and verify the author)" time="1.074" />
  <testcase classname="workspace-project App" name="Log out test user" time="1.062" />
 </testsuite>
</testsuites>